This is pdfTeX, Version 3.141592653-2.6-1.40.28 (TeX Live 2025) (preloaded format=pdflatex 2026.3.17)  5 MAY 2026 23:48
entering extended mode
 restricted \write18 enabled.
 %&-line parsing enabled.
**Main_markdown.tex
(./Main_markdown.tex
LaTeX2e <2025-11-01>
L3 programming layer <2026-01-19>
(/Users/timmellman/Library/TinyTeX/texmf-dist/tex/latex/base/article.cls
Document Class: article 2025/01/22 v1.4n Standard LaTeX document class
(/Users/timmellman/Library/TinyTeX/texmf-dist/tex/latex/base/size11.clo
File: size11.clo 2025/01/22 v1.4n Standard LaTeX file (size option)
)
\c@part=\count275
\c@section=\count276
\c@subsection=\count277
\c@subsubsection=\count278
\c@paragraph=\count279
\c@subparagraph=\count280
\c@figure=\count281
\c@table=\count282
\abovecaptionskip=\skip49
\belowcaptionskip=\skip50
\bibindent=\dimen148
) (/Users/timmellman/Library/TinyTeX/texmf-dist/tex/latex/xcolor/xcolor.sty
Package: xcolor 2024/09/29 v3.02 LaTeX color extensions (UK)
(/Users/timmellman/Library/TinyTeX/texmf-dist/tex/latex/graphics-cfg/color.cfg
File: color.cfg 2016/01/02 v1.6 sample color configuration
)
Package xcolor Info: Driver file: pdftex.def on input line 274.
(/Users/timmellman/Library/TinyTeX/texmf-dist/tex/latex/graphics-def/pdftex.def
File: pdftex.def 2025/09/29 v1.2d Graphics/color driver for pdftex
) (/Users/timmellman/Library/TinyTeX/texmf-dist/tex/latex/graphics/mathcolor.ltx)
Package xcolor Info: Model `cmy' substituted by `cmy0' on input line 1349.
Package xcolor Info: Model `hsb' substituted by `rgb' on input line 1353.
Package xcolor Info: Model `RGB' extended on input line 1365.
Package xcolor Info: Model `HTML' substituted by `rgb' on input line 1367.
Package xcolor Info: Model `Hsb' substituted by `hsb' on input line 1368.
Package xcolor Info: Model `tHsb' substituted by `hsb' on input line 1369.
Package xcolor Info: Model `HSB' substituted by `hsb' on input line 1370.
Package xcolor Info: Model `Gray' substituted by `gray' on input line 1371.
Package xcolor Info: Model `wave' substituted by `hsb' on input line 1372.
) (/Users/timmellman/Library/TinyTeX/texmf-dist/tex/latex/geometry/geometry.sty
Package: geometry 2020/01/02 v5.9 Page Geometry
(/Users/timmellman/Library/TinyTeX/texmf-dist/tex/latex/graphics/keyval.sty
Package: keyval 2022/05/29 v1.15 key=value parser (DPC)
\KV@toks@=\toks17
) (/Users/timmellman/Library/TinyTeX/texmf-dist/tex/generic/iftex/ifvtex.sty
Package: ifvtex 2019/10/25 v1.7 ifvtex legacy package. Use iftex instead.
(/Users/timmellman/Library/TinyTeX/texmf-dist/tex/generic/iftex/iftex.sty
Package: iftex 2024/12/12 v1.0g TeX engine tests
))
\Gm@cnth=\count283
\Gm@cntv=\count284
\c@Gm@tempcnt=\count285
\Gm@bindingoffset=\dimen149
\Gm@wd@mp=\dimen150
\Gm@odd@mp=\dimen151
\Gm@even@mp=\dimen152
\Gm@layoutwidth=\dimen153
\Gm@layoutheight=\dimen154
\Gm@layouthoffset=\dimen155
\Gm@layoutvoffset=\dimen156
\Gm@dimlist=\toks18
) (/Users/timmellman/Library/TinyTeX/texmf-dist/tex/latex/amsmath/amsmath.sty
Package: amsmath 2025/07/09 v2.17z AMS math features
\@mathmargin=\skip51
For additional information on amsmath, use the `?' option.
(/Users/timmellman/Library/TinyTeX/texmf-dist/tex/latex/amsmath/amstext.sty
Package: amstext 2024/11/17 v2.01 AMS text
(/Users/timmellman/Library/TinyTeX/texmf-dist/tex/latex/amsmath/amsgen.sty
File: amsgen.sty 1999/11/30 v2.0 generic functions
\@emptytoks=\toks19
\ex@=\dimen157
)) (/Users/timmellman/Library/TinyTeX/texmf-dist/tex/latex/amsmath/amsbsy.sty
Package: amsbsy 1999/11/29 v1.2d Bold Symbols
\pmbraise@=\dimen158
) (/Users/timmellman/Library/TinyTeX/texmf-dist/tex/latex/amsmath/amsopn.sty
Package: amsopn 2022/04/08 v2.04 operator names
)
\inf@bad=\count286
LaTeX Info: Redefining \frac on input line 233.
\uproot@=\count287
\leftroot@=\count288
LaTeX Info: Redefining \overline on input line 398.
LaTeX Info: Redefining \colon on input line 409.
\classnum@=\count289
\DOTSCASE@=\count290
LaTeX Info: Redefining \ldots on input line 495.
LaTeX Info: Redefining \dots on input line 498.
LaTeX Info: Redefining \cdots on input line 619.
\Mathstrutbox@=\box53
\strutbox@=\box54
LaTeX Info: Redefining \big on input line 721.
LaTeX Info: Redefining \Big on input line 722.
LaTeX Info: Redefining \bigg on input line 723.
LaTeX Info: Redefining \Bigg on input line 724.
\big@size=\dimen159
LaTeX Font Info:    Redeclaring font encoding OML on input line 742.
LaTeX Font Info:    Redeclaring font encoding OMS on input line 743.
\macc@depth=\count291
LaTeX Info: Redefining \bmod on input line 904.
LaTeX Info: Redefining \pmod on input line 909.
LaTeX Info: Redefining \smash on input line 939.
LaTeX Info: Redefining \relbar on input line 969.
LaTeX Info: Redefining \Relbar on input line 970.
\c@MaxMatrixCols=\count292
\dotsspace@=\muskip17
\c@parentequation=\count293
\dspbrk@lvl=\count294
\tag@help=\toks20
\row@=\count295
\column@=\count296
\maxfields@=\count297
\andhelp@=\toks21
\eqnshift@=\dimen160
\alignsep@=\dimen161
\tagshift@=\dimen162
\tagwidth@=\dimen163
\totwidth@=\dimen164
\lineht@=\dimen165
\@envbody=\toks22
\multlinegap=\skip52
\multlinetaggap=\skip53
\mathdisplay@stack=\toks23
LaTeX Info: Redefining \[ on input line 2950.
LaTeX Info: Redefining \] on input line 2951.
) (/Users/timmellman/Library/TinyTeX/texmf-dist/tex/latex/amsfonts/amssymb.sty
Package: amssymb 2013/01/14 v3.01 AMS font symbols
(/Users/timmellman/Library/TinyTeX/texmf-dist/tex/latex/amsfonts/amsfonts.sty
Package: amsfonts 2013/01/14 v3.01 Basic AMSFonts support
\symAMSa=\mathgroup4
\symAMSb=\mathgroup5
LaTeX Font Info:    Redeclaring math symbol \hbar on input line 98.
LaTeX Font Info:    Overwriting math alphabet `\mathfrak' in version `bold'
(Font)                  U/euf/m/n --> U/euf/b/n on input line 106.
)) (/Users/timmellman/Library/TinyTeX/texmf-dist/tex/latex/base/fontenc.sty
Package: fontenc 2025/07/18 v2.1d Standard LaTeX package
) (/Users/timmellman/Library/TinyTeX/texmf-dist/tex/latex/base/inputenc.sty
Package: inputenc 2024/02/08 v1.3d Input encoding file
\inpenc@prehook=\toks24
\inpenc@posthook=\toks25
) (/Users/timmellman/Library/TinyTeX/texmf-dist/tex/latex/base/textcomp.sty
Package: textcomp 2024/04/24 v2.1b Standard LaTeX package
) (/Users/timmellman/Library/TinyTeX/texmf-dist/tex/latex/lm/lmodern.sty
Package: lmodern 2015/05/01 v1.6.1 Latin Modern Fonts
LaTeX Font Info:    Overwriting symbol font `operators' in version `normal'
(Font)                  OT1/cmr/m/n --> OT1/lmr/m/n on input line 22.
LaTeX Font Info:    Overwriting symbol font `letters' in version `normal'
(Font)                  OML/cmm/m/it --> OML/lmm/m/it on input line 23.
LaTeX Font Info:    Overwriting symbol font `symbols' in version `normal'
(Font)                  OMS/cmsy/m/n --> OMS/lmsy/m/n on input line 24.
LaTeX Font Info:    Overwriting symbol font `largesymbols' in version `normal'
(Font)                  OMX/cmex/m/n --> OMX/lmex/m/n on input line 25.
LaTeX Font Info:    Overwriting symbol font `operators' in version `bold'
(Font)                  OT1/cmr/bx/n --> OT1/lmr/bx/n on input line 26.
LaTeX Font Info:    Overwriting symbol font `letters' in version `bold'
(Font)                  OML/cmm/b/it --> OML/lmm/b/it on input line 27.
LaTeX Font Info:    Overwriting symbol font `symbols' in version `bold'
(Font)                  OMS/cmsy/b/n --> OMS/lmsy/b/n on input line 28.
LaTeX Font Info:    Overwriting symbol font `largesymbols' in version `bold'
(Font)                  OMX/cmex/m/n --> OMX/lmex/m/n on input line 29.
LaTeX Font Info:    Overwriting math alphabet `\mathbf' in version `normal'
(Font)                  OT1/cmr/bx/n --> OT1/lmr/bx/n on input line 31.
LaTeX Font Info:    Overwriting math alphabet `\mathsf' in version `normal'
(Font)                  OT1/cmss/m/n --> OT1/lmss/m/n on input line 32.
LaTeX Font Info:    Overwriting math alphabet `\mathit' in version `normal'
(Font)                  OT1/cmr/m/it --> OT1/lmr/m/it on input line 33.
LaTeX Font Info:    Overwriting math alphabet `\mathtt' in version `normal'
(Font)                  OT1/cmtt/m/n --> OT1/lmtt/m/n on input line 34.
LaTeX Font Info:    Overwriting math alphabet `\mathbf' in version `bold'
(Font)                  OT1/cmr/bx/n --> OT1/lmr/bx/n on input line 35.
LaTeX Font Info:    Overwriting math alphabet `\mathsf' in version `bold'
(Font)                  OT1/cmss/bx/n --> OT1/lmss/bx/n on input line 36.
LaTeX Font Info:    Overwriting math alphabet `\mathit' in version `bold'
(Font)                  OT1/cmr/bx/it --> OT1/lmr/bx/it on input line 37.
LaTeX Font Info:    Overwriting math alphabet `\mathtt' in version `bold'
(Font)                  OT1/cmtt/m/n --> OT1/lmtt/m/n on input line 38.
) (/Users/timmellman/Library/TinyTeX/texmf-dist/tex/latex/fancyvrb/fancyvrb.sty
Package: fancyvrb 2025/07/28 4.6 verbatim text (tvz,hv)
\FV@CodeLineNo=\count298
\FV@InFile=\read2
\FV@TabBox=\box55
\c@FancyVerbLine=\count299
\FV@StepNumber=\count300
\FV@OutFile=\write3
) (/Users/timmellman/Library/TinyTeX/texmf-dist/tex/latex/framed/framed.sty
Package: framed 2011/10/22 v 0.96: framed or shaded text with page breaks
\OuterFrameSep=\skip54
\fb@frw=\dimen166
\fb@frh=\dimen167
\FrameRule=\dimen168
\FrameSep=\dimen169
) (/Users/timmellman/Library/TinyTeX/texmf-dist/tex/latex/graphics/graphicx.sty
Package: graphicx 2024/12/31 v1.2e Enhanced LaTeX Graphics (DPC,SPQR)
(/Users/timmellman/Library/TinyTeX/texmf-dist/tex/latex/graphics/graphics.sty
Package: graphics 2024/08/06 v1.4g Standard LaTeX Graphics (DPC,SPQR)
(/Users/timmellman/Library/TinyTeX/texmf-dist/tex/latex/graphics/trig.sty
Package: trig 2023/12/02 v1.11 sin cos tan (DPC)
) (/Users/timmellman/Library/TinyTeX/texmf-dist/tex/latex/graphics-cfg/graphics.cfg
File: graphics.cfg 2016/06/04 v1.11 sample graphics configuration
)
Package graphics Info: Driver file: pdftex.def on input line 106.
)
\Gin@req@height=\dimen170
\Gin@req@width=\dimen171
)
\pandoc@box=\box56
(/Users/timmellman/Library/TinyTeX/texmf-dist/tex/latex/hyperref/hyperref.sty
Package: hyperref 2026-01-29 v7.01p Hypertext links for LaTeX
(/Users/timmellman/Library/TinyTeX/texmf-dist/tex/latex/kvsetkeys/kvsetkeys.sty
Package: kvsetkeys 2022-10-05 v1.19 Key value parser (HO)
) (/Users/timmellman/Library/TinyTeX/texmf-dist/tex/generic/kvdefinekeys/kvdefinekeys.sty
Package: kvdefinekeys 2019-12-19 v1.6 Define keys (HO)
) (/Users/timmellman/Library/TinyTeX/texmf-dist/tex/generic/pdfescape/pdfescape.sty
Package: pdfescape 2019/12/09 v1.15 Implements pdfTeX's escape features (HO)
(/Users/timmellman/Library/TinyTeX/texmf-dist/tex/generic/ltxcmds/ltxcmds.sty
Package: ltxcmds 2023-12-04 v1.26 LaTeX kernel commands for general use (HO)
) (/Users/timmellman/Library/TinyTeX/texmf-dist/tex/generic/pdftexcmds/pdftexcmds.sty
Package: pdftexcmds 2020-06-27 v0.33 Utility functions of pdfTeX for LuaTeX (HO)
(/Users/timmellman/Library/TinyTeX/texmf-dist/tex/generic/infwarerr/infwarerr.sty
Package: infwarerr 2019/12/03 v1.5 Providing info/warning/error messages (HO)
)
Package pdftexcmds Info: \pdf@primitive is available.
Package pdftexcmds Info: \pdf@ifprimitive is available.
Package pdftexcmds Info: \pdfdraftmode found.
)) (/Users/timmellman/Library/TinyTeX/texmf-dist/tex/latex/hycolor/hycolor.sty
Package: hycolor 2020-01-27 v1.10 Color options for hyperref/bookmark (HO)
) (/Users/timmellman/Library/TinyTeX/texmf-dist/tex/latex/hyperref/nameref.sty
Package: nameref 2026-01-29 v2.58 Cross-referencing by name of section
(/Users/timmellman/Library/TinyTeX/texmf-dist/tex/latex/refcount/refcount.sty
Package: refcount 2019/12/15 v3.6 Data extraction from label references (HO)
) (/Users/timmellman/Library/TinyTeX/texmf-dist/tex/generic/gettitlestring/gettitlestring.sty
Package: gettitlestring 2019/12/15 v1.6 Cleanup title references (HO)
(/Users/timmellman/Library/TinyTeX/texmf-dist/tex/latex/kvoptions/kvoptions.sty
Package: kvoptions 2022-06-15 v3.15 Key value format for package options (HO)
))
\c@section@level=\count301
) (/Users/timmellman/Library/TinyTeX/texmf-dist/tex/latex/etoolbox/etoolbox.sty
Package: etoolbox 2025/10/02 v2.5m e-TeX tools for LaTeX (JAW)
\etb@tempcnta=\count302
) (/Users/timmellman/Library/TinyTeX/texmf-dist/tex/generic/stringenc/stringenc.sty
Package: stringenc 2019/11/29 v1.12 Convert strings between diff. encodings (HO)
)
\@linkdim=\dimen172
\Hy@linkcounter=\count303
\Hy@pagecounter=\count304
(/Users/timmellman/Library/TinyTeX/texmf-dist/tex/latex/hyperref/pd1enc.def
File: pd1enc.def 2026-01-29 v7.01p Hyperref: PDFDocEncoding definition (HO)
Now handling font encoding PD1 ...
... no UTF-8 mapping file for font encoding PD1
) (/Users/timmellman/Library/TinyTeX/texmf-dist/tex/generic/intcalc/intcalc.sty
Package: intcalc 2019/12/15 v1.3 Expandable calculations with integers (HO)
)
\Hy@SavedSpaceFactor=\count305
(/Users/timmellman/Library/TinyTeX/texmf-dist/tex/latex/hyperref/puenc.def
File: puenc.def 2026-01-29 v7.01p Hyperref: PDF Unicode definition (HO)
Now handling font encoding PU ...
... no UTF-8 mapping file for font encoding PU
)
Package hyperref Info: Option `unicode' set `true' on input line 4072.
Package hyperref Info: Hyper figures OFF on input line 4201.
Package hyperref Info: Link nesting OFF on input line 4206.
Package hyperref Info: Hyper index ON on input line 4209.
Package hyperref Info: Plain pages OFF on input line 4216.
Package hyperref Info: Backreferencing OFF on input line 4221.
Package hyperref Info: Implicit mode ON; LaTeX internals redefined.
Package hyperref Info: Bookmarks ON on input line 4468.
\c@Hy@tempcnt=\count306
(/Users/timmellman/Library/TinyTeX/texmf-dist/tex/latex/url/url.sty
\Urlmuskip=\muskip18
Package: url 2013/09/16  ver 3.4  Verb mode for urls, etc.
)
LaTeX Info: Redefining \url on input line 4807.
\XeTeXLinkMargin=\dimen173
(/Users/timmellman/Library/TinyTeX/texmf-dist/tex/generic/bitset/bitset.sty
Package: bitset 2019/12/09 v1.3 Handle bit-vector datatype (HO)
(/Users/timmellman/Library/TinyTeX/texmf-dist/tex/generic/bigintcalc/bigintcalc.sty
Package: bigintcalc 2019/12/15 v1.5 Expandable calculations on big integers (HO)
))
\Fld@menulength=\count307
\Field@Width=\dimen174
\Fld@charsize=\dimen175
Package hyperref Info: Hyper figures OFF on input line 6084.
Package hyperref Info: Link nesting OFF on input line 6089.
Package hyperref Info: Hyper index ON on input line 6092.
Package hyperref Info: backreferencing OFF on input line 6099.
Package hyperref Info: Link coloring OFF on input line 6104.
Package hyperref Info: Link coloring with OCG OFF on input line 6109.
Package hyperref Info: PDF/A mode OFF on input line 6114.
\Hy@abspage=\count308
\c@Item=\count309
\c@Hfootnote=\count310
)
Package hyperref Info: Driver (autodetected): hpdftex.
(/Users/timmellman/Library/TinyTeX/texmf-dist/tex/latex/hyperref/hpdftex.def
File: hpdftex.def 2026-01-29 v7.01p Hyperref driver for pdfTeX
\Fld@listcount=\count311
\c@bookmark@seq@number=\count312
(/Users/timmellman/Library/TinyTeX/texmf-dist/tex/latex/rerunfilecheck/rerunfilecheck.sty
Package: rerunfilecheck 2025-06-21 v1.11 Rerun checks for auxiliary files (HO)
(/Users/timmellman/Library/TinyTeX/texmf-dist/tex/generic/uniquecounter/uniquecounter.sty
Package: uniquecounter 2019/12/15 v1.4 Provide unlimited unique counter (HO)
)
Package uniquecounter Info: New unique counter `rerunfilecheck' on input line 284.
)
\Hy@SectionHShift=\skip55
) (/Users/timmellman/Library/TinyTeX/texmf-dist/tex/latex/amscls/amsthm.sty
Package: amsthm 2020/05/29 v2.20.6
\thm@style=\toks26
\thm@bodyfont=\toks27
\thm@headfont=\toks28
\thm@notefont=\toks29
\thm@headpunct=\toks30
\thm@preskip=\skip56
\thm@postskip=\skip57
\thm@headsep=\skip58
\dth@everypar=\toks31
)
\c@problem=\count313
(/Users/timmellman/Library/TinyTeX/texmf-dist/tex/latex/bookmark/bookmark.sty
Package: bookmark 2023-12-10 v1.31 PDF bookmarks (HO)
(/Users/timmellman/Library/TinyTeX/texmf-dist/tex/latex/bookmark/bkm-pdftex.def
File: bkm-pdftex.def 2023-12-10 v1.31 bookmark driver for pdfTeX and luaTeX (HO)
\BKM@id=\count314
))
LaTeX Font Info:    Trying to load font information for T1+lmr on input line 124.
(/Users/timmellman/Library/TinyTeX/texmf-dist/tex/latex/lm/t1lmr.fd
File: t1lmr.fd 2015/05/01 v1.6.1 Font defs for Latin Modern
) (/Users/timmellman/Library/TinyTeX/texmf-dist/tex/latex/l3backend/l3backend-pdftex.def
File: l3backend-pdftex.def 2025-10-09 L3 backend support: PDF output (pdfTeX)
\l__color_backend_stack_int=\count315
) (./Main_markdown.aux)
\openout1 = `Main_markdown.aux'.

LaTeX Font Info:    Checking defaults for OML/cmm/m/it on input line 124.
LaTeX Font Info:    ... okay on input line 124.
LaTeX Font Info:    Checking defaults for OMS/cmsy/m/n on input line 124.
LaTeX Font Info:    ... okay on input line 124.
LaTeX Font Info:    Checking defaults for OT1/cmr/m/n on input line 124.
LaTeX Font Info:    ... okay on input line 124.
LaTeX Font Info:    Checking defaults for T1/cmr/m/n on input line 124.
LaTeX Font Info:    ... okay on input line 124.
LaTeX Font Info:    Checking defaults for TS1/cmr/m/n on input line 124.
LaTeX Font Info:    ... okay on input line 124.
LaTeX Font Info:    Checking defaults for OMX/cmex/m/n on input line 124.
LaTeX Font Info:    ... okay on input line 124.
LaTeX Font Info:    Checking defaults for U/cmr/m/n on input line 124.
LaTeX Font Info:    ... okay on input line 124.
LaTeX Font Info:    Checking defaults for PD1/pdf/m/n on input line 124.
LaTeX Font Info:    ... okay on input line 124.
LaTeX Font Info:    Checking defaults for PU/pdf/m/n on input line 124.
LaTeX Font Info:    ... okay on input line 124.
(/Users/timmellman/Library/TinyTeX/texmf-dist/tex/latex/epstopdf-pkg/epstopdf-base.sty
Package: epstopdf-base 2020-01-24 v2.11 Base part for package epstopdf
Package epstopdf-base Info: Redefining graphics rule for `.eps' on input line 485.
(/Users/timmellman/Library/TinyTeX/texmf-dist/tex/latex/latexconfig/epstopdf-sys.cfg
File: epstopdf-sys.cfg 2010/07/13 v1.3 Configuration of (r)epstopdf for TeX Live
))
*geometry* driver: auto-detecting
*geometry* detected driver: pdftex
*geometry* verbose mode - [ preamble ] result:
* driver: pdftex
* paper: <default>
* layout: <same size as paper>
* layoutoffset:(h,v)=(0.0pt,0.0pt)
* modes: 
* h-part:(L,W,R)=(72.26999pt, 469.75502pt, 72.26999pt)
* v-part:(T,H,B)=(72.26999pt, 650.43001pt, 72.26999pt)
* \paperwidth=614.295pt
* \paperheight=794.96999pt
* \textwidth=469.75502pt
* \textheight=650.43001pt
* \oddsidemargin=0.0pt
* \evensidemargin=0.0pt
* \topmargin=-37.0pt
* \headheight=12.0pt
* \headsep=25.0pt
* \topskip=11.0pt
* \footskip=30.0pt
* \marginparwidth=59.0pt
* \marginparsep=10.0pt
* \columnsep=10.0pt
* \skip\footins=10.0pt plus 4.0pt minus 2.0pt
* \hoffset=0.0pt
* \voffset=0.0pt
* \mag=1000
* \@twocolumnfalse
* \@twosidefalse
* \@mparswitchfalse
* \@reversemarginfalse
* (1in=72.27pt=25.4mm, 1cm=28.453pt)

Package hyperref Info: Link coloring OFF on input line 124.
LaTeX Font Info:    Trying to load font information for OT1+lmr on input line 126.
(/Users/timmellman/Library/TinyTeX/texmf-dist/tex/latex/lm/ot1lmr.fd
File: ot1lmr.fd 2015/05/01 v1.6.1 Font defs for Latin Modern
)
LaTeX Font Info:    Trying to load font information for OML+lmm on input line 126.
(/Users/timmellman/Library/TinyTeX/texmf-dist/tex/latex/lm/omllmm.fd
File: omllmm.fd 2015/05/01 v1.6.1 Font defs for Latin Modern
)
LaTeX Font Info:    Trying to load font information for OMS+lmsy on input line 126.
(/Users/timmellman/Library/TinyTeX/texmf-dist/tex/latex/lm/omslmsy.fd
File: omslmsy.fd 2015/05/01 v1.6.1 Font defs for Latin Modern
)
LaTeX Font Info:    Trying to load font information for OMX+lmex on input line 126.
(/Users/timmellman/Library/TinyTeX/texmf-dist/tex/latex/lm/omxlmex.fd
File: omxlmex.fd 2015/05/01 v1.6.1 Font defs for Latin Modern
)
LaTeX Font Info:    External font `lmex10' loaded for size
(Font)              <12> on input line 126.
LaTeX Font Info:    External font `lmex10' loaded for size
(Font)              <8> on input line 126.
LaTeX Font Info:    External font `lmex10' loaded for size
(Font)              <6> on input line 126.
LaTeX Font Info:    Trying to load font information for U+msa on input line 126.
(/Users/timmellman/Library/TinyTeX/texmf-dist/tex/latex/amsfonts/umsa.fd
File: umsa.fd 2013/01/14 v3.01 AMS symbols A
)
LaTeX Font Info:    Trying to load font information for U+msb on input line 126.
(/Users/timmellman/Library/TinyTeX/texmf-dist/tex/latex/amsfonts/umsb.fd
File: umsb.fd 2013/01/14 v3.01 AMS symbols B
)
LaTeX Font Info:    Trying to load font information for T1+lmtt on input line 131.
(/Users/timmellman/Library/TinyTeX/texmf-dist/tex/latex/lm/t1lmtt.fd
File: t1lmtt.fd 2015/05/01 v1.6.1 Font defs for Latin Modern
)
LaTeX Font Info:    Font shape `T1/lmtt/bx/n' in size <10.95> not available
(Font)              Font shape `T1/lmtt/b/n' tried instead on input line 132.
[1

{/Users/timmellman/Library/TinyTeX/texmf-var/fonts/map/pdftex/updmap/pdftex.map}{/Users/timmellman/Library/TinyTeX/texmf-dist/fonts/enc/dvips/lm/lm-ec.enc}] [2]
LaTeX Font Info:    External font `lmex10' loaded for size
(Font)              <10.95> on input line 278.
[3{/Users/timmellman/Library/TinyTeX/texmf-dist/fonts/enc/dvips/lm/lm-mathit.enc}{/Users/timmellman/Library/TinyTeX/texmf-dist/fonts/enc/dvips/lm/lm-rm.enc}{/Users/timmellman/Library/TinyTeX/texmf-dist/fonts/enc/dvips/lm/lm-mathsy.enc}]
LaTeX Font Info:    Trying to load font information for TS1+lmtt on input line 335.
(/Users/timmellman/Library/TinyTeX/texmf-dist/tex/latex/lm/ts1lmtt.fd
File: ts1lmtt.fd 2015/05/01 v1.6.1 Font defs for Latin Modern
) [4{/Users/timmellman/Library/TinyTeX/texmf-dist/fonts/enc/dvips/lm/lm-ts1.enc}] [5] [6] [7] [8]
<Main_markdown_files/figure-latex/unnamed-chunk-28-1.pdf, id=59, 361.35pt x 289.08pt>
File: Main_markdown_files/figure-latex/unnamed-chunk-28-1.pdf Graphic file (type pdf)
<use Main_markdown_files/figure-latex/unnamed-chunk-28-1.pdf>
Package pdftex.def Info: Main_markdown_files/figure-latex/unnamed-chunk-28-1.pdf  used on input line 714.
(pdftex.def)             Requested size: 361.34912pt x 289.07928pt.
[9]
<Main_markdown_files/figure-latex/unnamed-chunk-29-1.pdf, id=66, 361.35pt x 289.08pt>
File: Main_markdown_files/figure-latex/unnamed-chunk-29-1.pdf Graphic file (type pdf)
<use Main_markdown_files/figure-latex/unnamed-chunk-29-1.pdf>
Package pdftex.def Info: Main_markdown_files/figure-latex/unnamed-chunk-29-1.pdf  used on input line 728.
(pdftex.def)             Requested size: 361.34912pt x 289.07928pt.
[10 <./Main_markdown_files/figure-latex/unnamed-chunk-28-1.pdf>]
<Main_markdown_files/figure-latex/unnamed-chunk-30-1.pdf, id=79, 361.35pt x 289.08pt>
File: Main_markdown_files/figure-latex/unnamed-chunk-30-1.pdf Graphic file (type pdf)
<use Main_markdown_files/figure-latex/unnamed-chunk-30-1.pdf>
Package pdftex.def Info: Main_markdown_files/figure-latex/unnamed-chunk-30-1.pdf  used on input line 740.
(pdftex.def)             Requested size: 361.34912pt x 289.07928pt.
[11 <./Main_markdown_files/figure-latex/unnamed-chunk-29-1.pdf>]
<Main_markdown_files/figure-latex/unnamed-chunk-31-1.pdf, id=90, 361.35pt x 289.08pt>
File: Main_markdown_files/figure-latex/unnamed-chunk-31-1.pdf Graphic file (type pdf)
<use Main_markdown_files/figure-latex/unnamed-chunk-31-1.pdf>
Package pdftex.def Info: Main_markdown_files/figure-latex/unnamed-chunk-31-1.pdf  used on input line 752.
(pdftex.def)             Requested size: 361.34912pt x 289.07928pt.
[12 <./Main_markdown_files/figure-latex/unnamed-chunk-30-1.pdf>]
<Main_markdown_files/figure-latex/unnamed-chunk-32-1.pdf, id=101, 361.35pt x 289.08pt>
File: Main_markdown_files/figure-latex/unnamed-chunk-32-1.pdf Graphic file (type pdf)
<use Main_markdown_files/figure-latex/unnamed-chunk-32-1.pdf>
Package pdftex.def Info: Main_markdown_files/figure-latex/unnamed-chunk-32-1.pdf  used on input line 765.
(pdftex.def)             Requested size: 361.34912pt x 289.07928pt.
[13 <./Main_markdown_files/figure-latex/unnamed-chunk-31-1.pdf>]
<Main_markdown_files/figure-latex/unnamed-chunk-33-1.pdf, id=113, 361.35pt x 289.08pt>
File: Main_markdown_files/figure-latex/unnamed-chunk-33-1.pdf Graphic file (type pdf)
<use Main_markdown_files/figure-latex/unnamed-chunk-33-1.pdf>
Package pdftex.def Info: Main_markdown_files/figure-latex/unnamed-chunk-33-1.pdf  used on input line 778.
(pdftex.def)             Requested size: 361.34912pt x 289.07928pt.
[14 <./Main_markdown_files/figure-latex/unnamed-chunk-32-1.pdf>]
<Main_markdown_files/figure-latex/unnamed-chunk-34-1.pdf, id=124, 361.35pt x 289.08pt>
File: Main_markdown_files/figure-latex/unnamed-chunk-34-1.pdf Graphic file (type pdf)
<use Main_markdown_files/figure-latex/unnamed-chunk-34-1.pdf>
Package pdftex.def Info: Main_markdown_files/figure-latex/unnamed-chunk-34-1.pdf  used on input line 791.
(pdftex.def)             Requested size: 361.34912pt x 289.07928pt.
[15 <./Main_markdown_files/figure-latex/unnamed-chunk-33-1.pdf>]
<Main_markdown_files/figure-latex/unnamed-chunk-35-1.pdf, id=135, 361.35pt x 289.08pt>
File: Main_markdown_files/figure-latex/unnamed-chunk-35-1.pdf Graphic file (type pdf)
<use Main_markdown_files/figure-latex/unnamed-chunk-35-1.pdf>
Package pdftex.def Info: Main_markdown_files/figure-latex/unnamed-chunk-35-1.pdf  used on input line 803.
(pdftex.def)             Requested size: 361.34912pt x 289.07928pt.
[16 <./Main_markdown_files/figure-latex/unnamed-chunk-34-1.pdf>]
<Main_markdown_files/figure-latex/unnamed-chunk-36-1.pdf, id=146, 361.35pt x 289.08pt>
File: Main_markdown_files/figure-latex/unnamed-chunk-36-1.pdf Graphic file (type pdf)
<use Main_markdown_files/figure-latex/unnamed-chunk-36-1.pdf>
Package pdftex.def Info: Main_markdown_files/figure-latex/unnamed-chunk-36-1.pdf  used on input line 824.
(pdftex.def)             Requested size: 361.34912pt x 289.07928pt.
[17 <./Main_markdown_files/figure-latex/unnamed-chunk-35-1.pdf>]
<Main_markdown_files/figure-latex/unnamed-chunk-37-1.pdf, id=159, 361.35pt x 289.08pt>
File: Main_markdown_files/figure-latex/unnamed-chunk-37-1.pdf Graphic file (type pdf)
<use Main_markdown_files/figure-latex/unnamed-chunk-37-1.pdf>
Package pdftex.def Info: Main_markdown_files/figure-latex/unnamed-chunk-37-1.pdf  used on input line 836.
(pdftex.def)             Requested size: 361.34912pt x 289.07928pt.
[18 <./Main_markdown_files/figure-latex/unnamed-chunk-36-1.pdf>]
<Main_markdown_files/figure-latex/unnamed-chunk-38-1.pdf, id=170, 361.35pt x 289.08pt>
File: Main_markdown_files/figure-latex/unnamed-chunk-38-1.pdf Graphic file (type pdf)
<use Main_markdown_files/figure-latex/unnamed-chunk-38-1.pdf>
Package pdftex.def Info: Main_markdown_files/figure-latex/unnamed-chunk-38-1.pdf  used on input line 848.
(pdftex.def)             Requested size: 361.34912pt x 289.07928pt.
[19 <./Main_markdown_files/figure-latex/unnamed-chunk-37-1.pdf>]
<Main_markdown_files/figure-latex/unnamed-chunk-39-1.pdf, id=182, 361.35pt x 289.08pt>
File: Main_markdown_files/figure-latex/unnamed-chunk-39-1.pdf Graphic file (type pdf)
<use Main_markdown_files/figure-latex/unnamed-chunk-39-1.pdf>
Package pdftex.def Info: Main_markdown_files/figure-latex/unnamed-chunk-39-1.pdf  used on input line 860.
(pdftex.def)             Requested size: 361.34912pt x 289.07928pt.
[20 <./Main_markdown_files/figure-latex/unnamed-chunk-38-1.pdf>]
<Main_markdown_files/figure-latex/unnamed-chunk-40-1.pdf, id=193, 361.35pt x 289.08pt>
File: Main_markdown_files/figure-latex/unnamed-chunk-40-1.pdf Graphic file (type pdf)
<use Main_markdown_files/figure-latex/unnamed-chunk-40-1.pdf>
Package pdftex.def Info: Main_markdown_files/figure-latex/unnamed-chunk-40-1.pdf  used on input line 872.
(pdftex.def)             Requested size: 361.34912pt x 289.07928pt.
[21 <./Main_markdown_files/figure-latex/unnamed-chunk-39-1.pdf>] [22 <./Main_markdown_files/figure-latex/unnamed-chunk-40-1.pdf>] [23] [24] [25] [26]
Overfull \hbox (419.04149pt too wide) in paragraph at lines 1202--1204
[]\T1/lmr/m/n/10.95 The co-vari-ance ma-trix of the least squares es-ti-ma-tor is $[]$. 
 []

[27{/Users/timmellman/Library/TinyTeX/texmf-dist/fonts/enc/dvips/lm/lm-mathex.enc}] [28]
Overfull \hbox (143.34444pt too wide) in paragraph at lines 1323--1326
[]$\T1/lmr/m/n/10.95 . 
 []

[29] [30]
Underfull \hbox (badness 4543) in paragraph at lines 1460--1464
[]\T1/lmr/m/n/10.95 The heteroscedasticity-consistent 95% CIs for the in-ter-cept co-ef-fi-cient is [-1368052.93,
 []

[31] [32]
<Main_markdown_files/figure-latex/unnamed-chunk-58-1.pdf, id=267, 361.35pt x 289.08pt>
File: Main_markdown_files/figure-latex/unnamed-chunk-58-1.pdf Graphic file (type pdf)
<use Main_markdown_files/figure-latex/unnamed-chunk-58-1.pdf>
Package pdftex.def Info: Main_markdown_files/figure-latex/unnamed-chunk-58-1.pdf  used on input line 1594.
(pdftex.def)             Requested size: 361.34912pt x 289.07928pt.
[33] [34 <./Main_markdown_files/figure-latex/unnamed-chunk-58-1.pdf>] [35] [36] [37]
<Main_markdown_files/figure-latex/unnamed-chunk-65-1.pdf, id=299, 361.35pt x 289.08pt>
File: Main_markdown_files/figure-latex/unnamed-chunk-65-1.pdf Graphic file (type pdf)
<use Main_markdown_files/figure-latex/unnamed-chunk-65-1.pdf>
Package pdftex.def Info: Main_markdown_files/figure-latex/unnamed-chunk-65-1.pdf  used on input line 1825.
(pdftex.def)             Requested size: 361.34912pt x 289.07928pt.
[38 <./Main_markdown_files/figure-latex/unnamed-chunk-65-1.pdf>] [39]
Overfull \hbox (7.38986pt too wide) in paragraph at lines 1938--1938
[]\T1/lmtt/m/n/10.95 ## [1] 211951.619   2949.435  20448.163  -9323.541 -65364.646  -3715.195  10205.343[] 
 []


Overfull \hbox (7.38986pt too wide) in paragraph at lines 1950--1950
[]\T1/lmtt/m/n/10.95 ## [1] 804432.058   6982.445  34068.354   5219.658  35195.483  15645.958  33906.043[] 
 []

[40]
Overfull \hbox (7.38986pt too wide) in paragraph at lines 1994--1994
[]\T1/lmtt/m/n/10.95 ## [1] 217169.145   2867.527  20403.820  -9335.836 -65934.340  -3817.674  10151.481[] 
 []


Overfull \hbox (7.38986pt too wide) in paragraph at lines 2006--2006
[]\T1/lmtt/m/n/10.95 ## [1] 806750.840   6981.644  34065.248   5138.233  35747.731  16089.728  34082.783[] 
 []

[41] [42]
<Main_markdown_files/figure-latex/unnamed-chunk-73-1.pdf, id=337, 361.35pt x 289.08pt>
File: Main_markdown_files/figure-latex/unnamed-chunk-73-1.pdf Graphic file (type pdf)
<use Main_markdown_files/figure-latex/unnamed-chunk-73-1.pdf>
Package pdftex.def Info: Main_markdown_files/figure-latex/unnamed-chunk-73-1.pdf  used on input line 2089.
(pdftex.def)             Requested size: 361.34912pt x 289.07928pt.
[43 <./Main_markdown_files/figure-latex/unnamed-chunk-73-1.pdf>] [44] [45]
<Main_markdown_files/figure-latex/unnamed-chunk-81-1.pdf, id=363, 361.35pt x 289.08pt>
File: Main_markdown_files/figure-latex/unnamed-chunk-81-1.pdf Graphic file (type pdf)
<use Main_markdown_files/figure-latex/unnamed-chunk-81-1.pdf>
Package pdftex.def Info: Main_markdown_files/figure-latex/unnamed-chunk-81-1.pdf  used on input line 2301.
(pdftex.def)             Requested size: 361.34912pt x 289.07928pt.
[46] [47 <./Main_markdown_files/figure-latex/unnamed-chunk-81-1.pdf>]
<Main_markdown_files/figure-latex/unnamed-chunk-85-1.pdf, id=379, 361.35pt x 289.08pt>
File: Main_markdown_files/figure-latex/unnamed-chunk-85-1.pdf Graphic file (type pdf)
<use Main_markdown_files/figure-latex/unnamed-chunk-85-1.pdf>
Package pdftex.def Info: Main_markdown_files/figure-latex/unnamed-chunk-85-1.pdf  used on input line 2382.
(pdftex.def)             Requested size: 361.34912pt x 289.07928pt.
[48] [49 <./Main_markdown_files/figure-latex/unnamed-chunk-85-1.pdf>]
<Main_markdown_files/figure-latex/unnamed-chunk-89-1.pdf, id=395, 361.35pt x 289.08pt>
File: Main_markdown_files/figure-latex/unnamed-chunk-89-1.pdf Graphic file (type pdf)
<use Main_markdown_files/figure-latex/unnamed-chunk-89-1.pdf>
Package pdftex.def Info: Main_markdown_files/figure-latex/unnamed-chunk-89-1.pdf  used on input line 2459.
(pdftex.def)             Requested size: 361.34912pt x 289.07928pt.
[50] [51 <./Main_markdown_files/figure-latex/unnamed-chunk-89-1.pdf>]
<Main_markdown_files/figure-latex/unnamed-chunk-90-1.pdf, id=412, 361.35pt x 289.08pt>
File: Main_markdown_files/figure-latex/unnamed-chunk-90-1.pdf Graphic file (type pdf)
<use Main_markdown_files/figure-latex/unnamed-chunk-90-1.pdf>
Package pdftex.def Info: Main_markdown_files/figure-latex/unnamed-chunk-90-1.pdf  used on input line 2526.
(pdftex.def)             Requested size: 361.34912pt x 289.07928pt.
[52]
<Main_markdown_files/figure-latex/unnamed-chunk-91-1.pdf, id=422, 361.35pt x 289.08pt>
File: Main_markdown_files/figure-latex/unnamed-chunk-91-1.pdf Graphic file (type pdf)
<use Main_markdown_files/figure-latex/unnamed-chunk-91-1.pdf>
Package pdftex.def Info: Main_markdown_files/figure-latex/unnamed-chunk-91-1.pdf  used on input line 2534.
(pdftex.def)             Requested size: 361.34912pt x 289.07928pt.
[53 <./Main_markdown_files/figure-latex/unnamed-chunk-90-1.pdf> <./Main_markdown_files/figure-latex/unnamed-chunk-91-1.pdf>]
<Main_markdown_files/figure-latex/unnamed-chunk-92-1.pdf, id=438, 361.35pt x 289.08pt>
File: Main_markdown_files/figure-latex/unnamed-chunk-92-1.pdf Graphic file (type pdf)
<use Main_markdown_files/figure-latex/unnamed-chunk-92-1.pdf>
Package pdftex.def Info: Main_markdown_files/figure-latex/unnamed-chunk-92-1.pdf  used on input line 2548.
(pdftex.def)             Requested size: 361.34912pt x 289.07928pt.
<Main_markdown_files/figure-latex/unnamed-chunk-93-1.pdf, id=439, 361.35pt x 289.08pt>
File: Main_markdown_files/figure-latex/unnamed-chunk-93-1.pdf Graphic file (type pdf)
<use Main_markdown_files/figure-latex/unnamed-chunk-93-1.pdf>
Package pdftex.def Info: Main_markdown_files/figure-latex/unnamed-chunk-93-1.pdf  used on input line 2556.
(pdftex.def)             Requested size: 361.34912pt x 289.07928pt.
[54 <./Main_markdown_files/figure-latex/unnamed-chunk-92-1.pdf>]
<Main_markdown_files/figure-latex/unnamed-chunk-94-1.pdf, id=451, 361.35pt x 289.08pt>
File: Main_markdown_files/figure-latex/unnamed-chunk-94-1.pdf Graphic file (type pdf)
<use Main_markdown_files/figure-latex/unnamed-chunk-94-1.pdf>
Package pdftex.def Info: Main_markdown_files/figure-latex/unnamed-chunk-94-1.pdf  used on input line 2570.
(pdftex.def)             Requested size: 361.34912pt x 289.07928pt.
[55 <./Main_markdown_files/figure-latex/unnamed-chunk-93-1.pdf>]
<Main_markdown_files/figure-latex/unnamed-chunk-95-1.pdf, id=463, 361.35pt x 289.08pt>
File: Main_markdown_files/figure-latex/unnamed-chunk-95-1.pdf Graphic file (type pdf)
<use Main_markdown_files/figure-latex/unnamed-chunk-95-1.pdf>
Package pdftex.def Info: Main_markdown_files/figure-latex/unnamed-chunk-95-1.pdf  used on input line 2578.
(pdftex.def)             Requested size: 361.34912pt x 289.07928pt.
[56 <./Main_markdown_files/figure-latex/unnamed-chunk-94-1.pdf> <./Main_markdown_files/figure-latex/unnamed-chunk-95-1.pdf>]
<Main_markdown_files/figure-latex/unnamed-chunk-96-1.pdf, id=479, 361.35pt x 289.08pt>
File: Main_markdown_files/figure-latex/unnamed-chunk-96-1.pdf Graphic file (type pdf)
<use Main_markdown_files/figure-latex/unnamed-chunk-96-1.pdf>
Package pdftex.def Info: Main_markdown_files/figure-latex/unnamed-chunk-96-1.pdf  used on input line 2593.
(pdftex.def)             Requested size: 361.34912pt x 289.07928pt.
<Main_markdown_files/figure-latex/unnamed-chunk-97-1.pdf, id=480, 361.35pt x 289.08pt>
File: Main_markdown_files/figure-latex/unnamed-chunk-97-1.pdf Graphic file (type pdf)
<use Main_markdown_files/figure-latex/unnamed-chunk-97-1.pdf>
Package pdftex.def Info: Main_markdown_files/figure-latex/unnamed-chunk-97-1.pdf  used on input line 2601.
(pdftex.def)             Requested size: 361.34912pt x 289.07928pt.
[57 <./Main_markdown_files/figure-latex/unnamed-chunk-96-1.pdf>]
<Main_markdown_files/figure-latex/unnamed-chunk-98-1.pdf, id=492, 361.35pt x 289.08pt>
File: Main_markdown_files/figure-latex/unnamed-chunk-98-1.pdf Graphic file (type pdf)
<use Main_markdown_files/figure-latex/unnamed-chunk-98-1.pdf>
Package pdftex.def Info: Main_markdown_files/figure-latex/unnamed-chunk-98-1.pdf  used on input line 2618.
(pdftex.def)             Requested size: 361.34912pt x 289.07928pt.
[58 <./Main_markdown_files/figure-latex/unnamed-chunk-97-1.pdf>]
<Main_markdown_files/figure-latex/unnamed-chunk-99-1.pdf, id=503, 361.35pt x 289.08pt>
File: Main_markdown_files/figure-latex/unnamed-chunk-99-1.pdf Graphic file (type pdf)
<use Main_markdown_files/figure-latex/unnamed-chunk-99-1.pdf>
Package pdftex.def Info: Main_markdown_files/figure-latex/unnamed-chunk-99-1.pdf  used on input line 2626.
(pdftex.def)             Requested size: 361.34912pt x 289.07928pt.
[59 <./Main_markdown_files/figure-latex/unnamed-chunk-98-1.pdf> <./Main_markdown_files/figure-latex/unnamed-chunk-99-1.pdf>]
<Main_markdown_files/figure-latex/unnamed-chunk-100-1.pdf, id=519, 361.35pt x 289.08pt>
File: Main_markdown_files/figure-latex/unnamed-chunk-100-1.pdf Graphic file (type pdf)
<use Main_markdown_files/figure-latex/unnamed-chunk-100-1.pdf>
Package pdftex.def Info: Main_markdown_files/figure-latex/unnamed-chunk-100-1.pdf  used on input line 2640.
(pdftex.def)             Requested size: 361.34912pt x 289.07928pt.
<Main_markdown_files/figure-latex/unnamed-chunk-101-1.pdf, id=520, 361.35pt x 289.08pt>
File: Main_markdown_files/figure-latex/unnamed-chunk-101-1.pdf Graphic file (type pdf)
<use Main_markdown_files/figure-latex/unnamed-chunk-101-1.pdf>
Package pdftex.def Info: Main_markdown_files/figure-latex/unnamed-chunk-101-1.pdf  used on input line 2648.
(pdftex.def)             Requested size: 361.34912pt x 289.07928pt.
[60 <./Main_markdown_files/figure-latex/unnamed-chunk-100-1.pdf>]
<Main_markdown_files/figure-latex/unnamed-chunk-102-1.pdf, id=532, 361.35pt x 289.08pt>
File: Main_markdown_files/figure-latex/unnamed-chunk-102-1.pdf Graphic file (type pdf)
<use Main_markdown_files/figure-latex/unnamed-chunk-102-1.pdf>
Package pdftex.def Info: Main_markdown_files/figure-latex/unnamed-chunk-102-1.pdf  used on input line 2663.
(pdftex.def)             Requested size: 361.34912pt x 289.07928pt.
[61 <./Main_markdown_files/figure-latex/unnamed-chunk-101-1.pdf>]
<Main_markdown_files/figure-latex/unnamed-chunk-103-1.pdf, id=544, 361.35pt x 289.08pt>
File: Main_markdown_files/figure-latex/unnamed-chunk-103-1.pdf Graphic file (type pdf)
<use Main_markdown_files/figure-latex/unnamed-chunk-103-1.pdf>
Package pdftex.def Info: Main_markdown_files/figure-latex/unnamed-chunk-103-1.pdf  used on input line 2671.
(pdftex.def)             Requested size: 361.34912pt x 289.07928pt.
[62 <./Main_markdown_files/figure-latex/unnamed-chunk-102-1.pdf> <./Main_markdown_files/figure-latex/unnamed-chunk-103-1.pdf>]
<Main_markdown_files/figure-latex/unnamed-chunk-104-1.pdf, id=560, 361.35pt x 289.08pt>
File: Main_markdown_files/figure-latex/unnamed-chunk-104-1.pdf Graphic file (type pdf)
<use Main_markdown_files/figure-latex/unnamed-chunk-104-1.pdf>
Package pdftex.def Info: Main_markdown_files/figure-latex/unnamed-chunk-104-1.pdf  used on input line 2699.
(pdftex.def)             Requested size: 361.34912pt x 289.07928pt.
<Main_markdown_files/figure-latex/unnamed-chunk-105-1.pdf, id=561, 361.35pt x 289.08pt>
File: Main_markdown_files/figure-latex/unnamed-chunk-105-1.pdf Graphic file (type pdf)
<use Main_markdown_files/figure-latex/unnamed-chunk-105-1.pdf>
Package pdftex.def Info: Main_markdown_files/figure-latex/unnamed-chunk-105-1.pdf  used on input line 2707.
(pdftex.def)             Requested size: 361.34912pt x 289.07928pt.
[63 <./Main_markdown_files/figure-latex/unnamed-chunk-104-1.pdf>]
<Main_markdown_files/figure-latex/unnamed-chunk-106-1.pdf, id=574, 361.35pt x 289.08pt>
File: Main_markdown_files/figure-latex/unnamed-chunk-106-1.pdf Graphic file (type pdf)
<use Main_markdown_files/figure-latex/unnamed-chunk-106-1.pdf>
Package pdftex.def Info: Main_markdown_files/figure-latex/unnamed-chunk-106-1.pdf  used on input line 2731.
(pdftex.def)             Requested size: 361.34912pt x 289.07928pt.
[64 <./Main_markdown_files/figure-latex/unnamed-chunk-105-1.pdf>] [65 <./Main_markdown_files/figure-latex/unnamed-chunk-106-1.pdf>]
<Main_markdown_files/figure-latex/unnamed-chunk-109-1.pdf, id=593, 361.35pt x 289.08pt>
File: Main_markdown_files/figure-latex/unnamed-chunk-109-1.pdf Graphic file (type pdf)
<use Main_markdown_files/figure-latex/unnamed-chunk-109-1.pdf>
Package pdftex.def Info: Main_markdown_files/figure-latex/unnamed-chunk-109-1.pdf  used on input line 2781.
(pdftex.def)             Requested size: 361.34912pt x 289.07928pt.
<Main_markdown_files/figure-latex/unnamed-chunk-111-1.pdf, id=594, 361.35pt x 289.08pt>
File: Main_markdown_files/figure-latex/unnamed-chunk-111-1.pdf Graphic file (type pdf)
<use Main_markdown_files/figure-latex/unnamed-chunk-111-1.pdf>
Package pdftex.def Info: Main_markdown_files/figure-latex/unnamed-chunk-111-1.pdf  used on input line 2809.
(pdftex.def)             Requested size: 361.34912pt x 289.07928pt.
[66 <./Main_markdown_files/figure-latex/unnamed-chunk-109-1.pdf>]
<Main_markdown_files/figure-latex/unnamed-chunk-112-1.pdf, id=606, 361.35pt x 289.08pt>
File: Main_markdown_files/figure-latex/unnamed-chunk-112-1.pdf Graphic file (type pdf)
<use Main_markdown_files/figure-latex/unnamed-chunk-112-1.pdf>
Package pdftex.def Info: Main_markdown_files/figure-latex/unnamed-chunk-112-1.pdf  used on input line 2832.
(pdftex.def)             Requested size: 361.34912pt x 289.07928pt.
[67 <./Main_markdown_files/figure-latex/unnamed-chunk-111-1.pdf>] [68 <./Main_markdown_files/figure-latex/unnamed-chunk-112-1.pdf>] [69] [70] [71] [72] [73] [74]
<Main_markdown_files/figure-latex/unnamed-chunk-118-1.pdf, id=660, 361.35pt x 289.08pt>
File: Main_markdown_files/figure-latex/unnamed-chunk-118-1.pdf Graphic file (type pdf)
<use Main_markdown_files/figure-latex/unnamed-chunk-118-1.pdf>
Package pdftex.def Info: Main_markdown_files/figure-latex/unnamed-chunk-118-1.pdf  used on input line 3256.
(pdftex.def)             Requested size: 361.34912pt x 289.07928pt.
[75] [76 <./Main_markdown_files/figure-latex/unnamed-chunk-118-1.pdf>]
Overfull \hbox (455.79108pt too wide) in paragraph at lines 3317--3317
[]\T1/lmtt/m/n/10.95 ## Warning in checkConv(attr(opt, "derivs"), opt$par, ctrl = control$checkConv, : Model failed to converge with max|grad| = 0.00343929 (tol = 0.002, component 1)[] 
 []

[77] [78] [79] [80] [81]
<Main_markdown_files/figure-latex/unnamed-chunk-132-1.pdf, id=714, 361.35pt x 289.08pt>
File: Main_markdown_files/figure-latex/unnamed-chunk-132-1.pdf Graphic file (type pdf)
<use Main_markdown_files/figure-latex/unnamed-chunk-132-1.pdf>
Package pdftex.def Info: Main_markdown_files/figure-latex/unnamed-chunk-132-1.pdf  used on input line 3657.
(pdftex.def)             Requested size: 361.34912pt x 289.07928pt.
[82] [83 <./Main_markdown_files/figure-latex/unnamed-chunk-132-1.pdf>]
Overfull \hbox (1.64113pt too wide) in paragraph at lines 3762--3762
[]\T1/lmtt/m/n/10.95 ##                 Age        Educ       Hours     TVHours       MEduc       FEduc[] 
 []


Overfull \hbox (1.64113pt too wide) in paragraph at lines 3762--3762
[]\T1/lmtt/m/n/10.95 ## Age      1.00000000 -0.04082701  0.00790323  0.10378955 -0.31815628 -0.35234245[] 
 []


Overfull \hbox (1.64113pt too wide) in paragraph at lines 3762--3762
[]\T1/lmtt/m/n/10.95 ## Educ    -0.04082701  1.00000000  0.12672660 -0.20078493  0.38880229  0.36922630[] 
 []


Overfull \hbox (1.64113pt too wide) in paragraph at lines 3762--3762
[]\T1/lmtt/m/n/10.95 ## Hours    0.00790323  0.12672660  1.00000000 -0.08477884  0.03961121  0.02398382[] 
 []


Overfull \hbox (1.64113pt too wide) in paragraph at lines 3762--3762
[]\T1/lmtt/m/n/10.95 ## TVHours  0.10378955 -0.20078493 -0.08477884  1.00000000 -0.15919591 -0.17010512[] 
 []


Overfull \hbox (1.64113pt too wide) in paragraph at lines 3762--3762
[]\T1/lmtt/m/n/10.95 ## MEduc   -0.31815628  0.38880229  0.03961121 -0.15919591  1.00000000  0.65907807[] 
 []


Overfull \hbox (1.64113pt too wide) in paragraph at lines 3762--3762
[]\T1/lmtt/m/n/10.95 ## FEduc   -0.35234245  0.36922630  0.02398382 -0.17010512  0.65907807  1.00000000[] 
 []

[84]
Overfull \hbox (1.64113pt too wide) in paragraph at lines 3762--3762
[]\T1/lmtt/m/n/10.95 ## Sibs     0.14790176 -0.27897107 -0.09786384  0.12701586 -0.30904693 -0.34790739[] 
 []

[85] [86] [87] [88] [89] [90] [91] [92] [93] [94] [95] [96] [97] [98] [99] [100] [101]

LaTeX Warning: Hyper reference `ii-Test-the-statistical-significance-of-all-your-fixed-effects' on page 102 undefined on input line 4769.

[102] [103] [104] (./Main_markdown.aux)
 ***********
LaTeX2e <2025-11-01>
L3 programming layer <2026-01-19>
 ***********

LaTeX Warning: There were undefined references.

 ) 
Here is how much of TeX's memory you used:
 12505 strings out of 469471
 212981 string characters out of 5467363
 621038 words of memory out of 5000000
 40750 multiletter control sequences out of 15000+600000
 673300 words of font info for 76 fonts, out of 8000000 for 9000
 36 hyphenation exceptions out of 8191
 75i,8n,79p,2756b,634s stack positions out of 10000i,1000n,20000p,200000b,200000s
</Users/timmellman/Library/TinyTeX/texmf-dist/fonts/type1/public/lm/lmbx10.pfb></Users/timmellman/Library/TinyTeX/texmf-dist/fonts/type1/public/lm/lmbx12.pfb></Users/timmellman/Library/TinyTeX/texmf-dist/fonts/type1/public/lm/lmex10.pfb></Users/timmellman/Library/TinyTeX/texmf-dist/fonts/type1/public/lm/lmmi10.pfb></Users/timmellman/Library/TinyTeX/texmf-dist/fonts/type1/public/lm/lmmi8.pfb></Users/timmellman/Library/TinyTeX/texmf-dist/fonts/type1/public/lm/lmr10.pfb></Users/timmellman/Library/TinyTeX/texmf-dist/fonts/type1/public/lm/lmr12.pfb></Users/timmellman/Library/TinyTeX/texmf-dist/fonts/type1/public/lm/lmr17.pfb></Users/timmellman/Library/TinyTeX/texmf-dist/fonts/type1/public/lm/lmr6.pfb></Users/timmellman/Library/TinyTeX/texmf-dist/fonts/type1/public/lm/lmr8.pfb></Users/timmellman/Library/TinyTeX/texmf-dist/fonts/type1/public/lm/lmsy10.pfb></Users/timmellman/Library/TinyTeX/texmf-dist/fonts/type1/public/lm/lmsy8.pfb></Users/timmellman/Library/TinyTeX/texmf-dist/fonts/type1/public/lm/lmtk10.pfb></Users/timmellman/Library/TinyTeX/texmf-dist/fonts/type1/public/lm/lmtt10.pfb></Users/timmellman/Library/TinyTeX/texmf-dist/fonts/type1/public/lm/lmtti10.pfb>
Output written on Main_markdown.pdf (104 pages, 1206359 bytes).
PDF statistics:
 1418 PDF objects out of 1440 (max. 8388607)
 1186 compressed objects within 12 object streams
 242 named destinations out of 1000 (max. 500000)
 1302 words of extra memory for PDF output out of 10000 (max. 10000000)

